<?xml version="1.0" encoding="UTF-8"?>
<testsuite xmlns:xsi="http://www.w3.org/2001/XMLSchema-instance" xsi:noNamespaceSchemaLocation="https://maven.apache.org/surefire/maven-surefire-plugin/xsd/surefire-test-report-3.0.xsd" version="3.0" name="TestSuite" time="15.294" tests="1" errors="0" skipped="0" failures="0">
  <properties>
[...]
</properties>
  <testcase name="Search" classname="tests.SearchTestWithcsv" time="3.444">
    <system-out><![CDATA[Searching for: Vodafone
Search result: Vodafone Egypt home page
Navigating to the second page...
Navigating to the third page...
Number of results on page 2 is not equal to page 3.
]]></system-out>
    <system-err><![CDATA[SLF4J: Failed to load class "org.slf4j.impl.StaticLoggerBinder".
SLF4J: Defaulting to no-operation (NOP) logger implementation
SLF4J: See http://www.slf4j.org/codes.html#StaticLoggerBinder for further details.
Error occurred while scrolling to bottom: null
Error occurred while scrolling to bottom: null
]]></system-err>
  </testcase>
</testsuite>