<?xml version="1.0" encoding="UTF-8"?>
<testng-results ignored="0" total="1" passed="1" failed="0" skipped="0">
  <reporter-output>
  </reporter-output>
  <suite started-at="2024-03-20T16:33:21 EET" name="Search Suite" finished-at="2024-03-20T16:33:26 EET" duration-ms="4803">
    <groups>
    </groups>
    <test started-at="2024-03-20T16:33:21 EET" name="Test" finished-at="2024-03-20T16:33:26 EET" duration-ms="4803">
      <class name="tests.SearchTestWithcsv">
        <test-method is-config="true" signature="startDriver(java.lang.String)[pri:0, instance:tests.SearchTestWithcsv@54c5a2ff]" started-at="2024-03-20T16:33:12 EET" name="startDriver" finished-at="2024-03-20T16:33:21 EET" duration-ms="8936" status="PASS">
          <params>
            <param index="0">
              <value>
                <![CDATA[edge]]>
              </value>
            </param>
          </params>
          <reporter-output>
          </reporter-output>
        </test-method> <!-- startDriver -->
        <test-method signature="Search()[pri:0, instance:tests.SearchTestWithcsv@54c5a2ff]" started-at="2024-03-20T16:33:21 EET" name="Search" finished-at="2024-03-20T16:33:25 EET" duration-ms="3442" status="PASS">
          <reporter-output>
          </reporter-output>
        </test-method> <!-- Search -->
        <test-method is-config="true" signature="screenshotOnFailure(org.testng.ITestResult)[pri:0, instance:tests.SearchTestWithcsv@54c5a2ff]" started-at="2024-03-20T16:33:25 EET" name="screenshotOnFailure" finished-at="2024-03-20T16:33:25 EET" duration-ms="2" status="PASS">
          <params>
            <param index="0">
              <value>
                <![CDATA[[TestResult name=Search status=SUCCESS method=SearchTestWithcsv.Search()[pri:0, instance:tests.SearchTestWithcsv@54c5a2ff] output={null}]]]>
              </value>
            </param>
          </params>
          <reporter-output>
          </reporter-output>
        </test-method> <!-- screenshotOnFailure -->
        <test-method is-config="true" signature="stopDriver()[pri:0, instance:tests.SearchTestWithcsv@54c5a2ff]" started-at="2024-03-20T16:33:25 EET" name="stopDriver" finished-at="2024-03-20T16:33:26 EET" duration-ms="1285" status="PASS">
          <reporter-output>
          </reporter-output>
        </test-method> <!-- stopDriver -->
      </class> <!-- tests.SearchTestWithcsv -->
    </test> <!-- Test -->
  </suite> <!-- Search Suite -->
</testng-results>
